<?xml version="1.0" encoding="UTF-8"?>
<testng-results ignored="0" total="2" passed="1" failed="1" skipped="0">
  <reporter-output>
    <line>
      <![CDATA[Before Suite - Setting up reports and Test is getting ready]]>
    </line>
    <line>
      <![CDATA[Before Suite - Setting done test can be started]]>
    </line>
    <line>
      <![CDATA[Before Class - trying to start browser and getting application ready]]>
    </line>
    <line>
      <![CDATA[Before Class - Browser and application is up and running]]>
    </line>
    <line>
      <![CDATA[========Running Login test ===]]>
    </line>
    <line>
      <![CDATA[========Login test completed ===]]>
    </line>
    <line>
      <![CDATA[AfterMethod - Test is about to end]]>
    </line>
    <line>
      <![CDATA[AfterMethod - Test Completed >> Reports Generated]]>
    </line>
    <line>
      <![CDATA[AfterMethod - Test is about to end]]>
    </line>
    <line>
      <![CDATA[AfterMethod - Test Completed >> Reports Generated]]>
    </line>
  </reporter-output>
  <suite started-at="2023-05-21T06:48:30Z" name="Suite" finished-at="2023-05-21T06:49:35Z" duration-ms="65073">
    <groups>
    </groups>
    <test started-at="2023-05-21T06:48:30Z" name="Test" finished-at="2023-05-21T06:49:35Z" duration-ms="65073">
      <class name="com.learnautomationtestcases.LoginTestCRM">
        <test-method is-config="true" signature="setUpSuite()[pri:0, instance:com.learnautomationtestcases.LoginTestCRM@14f9390f]" started-at="2023-05-21T12:18:29Z" name="setUpSuite" finished-at="2023-05-21T12:18:30Z" duration-ms="998" status="PASS">
          <reporter-output>
            <line>
              <![CDATA[Before Suite - Setting up reports and Test is getting ready]]>
            </line>
            <line>
              <![CDATA[Before Suite - Setting done test can be started]]>
            </line>
          </reporter-output>
        </test-method> <!-- setUpSuite -->
        <test-method is-config="true" signature="setUp()[pri:0, instance:com.learnautomationtestcases.LoginTestCRM@14f9390f]" started-at="2023-05-21T12:18:30Z" name="setUp" finished-at="2023-05-21T12:18:55Z" duration-ms="25403" status="PASS">
          <reporter-output>
            <line>
              <![CDATA[Before Class - trying to start browser and getting application ready]]>
            </line>
            <line>
              <![CDATA[Before Class - Browser and application is up and running]]>
            </line>
          </reporter-output>
        </test-method> <!-- setUp -->
        <test-method signature="loginApp()[pri:0, instance:com.learnautomationtestcases.LoginTestCRM@14f9390f]" started-at="2023-05-21T12:18:56Z" name="loginApp" finished-at="2023-05-21T12:19:07Z" duration-ms="11681" status="PASS">
          <reporter-output>
            <line>
              <![CDATA[========Running Login test ===]]>
            </line>
            <line>
              <![CDATA[========Login test completed ===]]>
            </line>
          </reporter-output>
        </test-method> <!-- loginApp -->
        <test-method is-config="true" signature="tearDownMethod(org.testng.ITestResult)[pri:0, instance:com.learnautomationtestcases.LoginTestCRM@14f9390f]" started-at="2023-05-21T12:19:07Z" name="tearDownMethod" finished-at="2023-05-21T12:19:27Z" duration-ms="19320" status="PASS">
          <params>
            <param index="0">
              <value>
                <![CDATA[[TestResult name=loginApp status=SUCCESS method=LoginTestCRM.loginApp()[pri:0, instance:com.learnautomationtestcases.LoginTestCRM@14f9390f] output=========Running Login test ===]]]>
              </value>
            </param>
          </params>
          <reporter-output>
            <line>
              <![CDATA[AfterMethod - Test is about to end]]>
            </line>
            <line>
              <![CDATA[AfterMethod - Test Completed >> Reports Generated]]>
            </line>
          </reporter-output>
        </test-method> <!-- tearDownMethod -->
        <test-method signature="loginApp1()[pri:0, instance:com.learnautomationtestcases.LoginTestCRM@14f9390f]" started-at="2023-05-21T12:19:27Z" name="loginApp1" finished-at="2023-05-21T12:19:27Z" duration-ms="17" status="FAIL">
          <exception class="java.lang.AssertionError">
            <message>
              <![CDATA[logout failed]]>
            </message>
            <full-stacktrace>
              <![CDATA[java.lang.AssertionError: logout failed
	at org.testng.Assert.fail(Assert.java:93)
	at com.learnautomationtestcases.LoginTestCRM.loginApp1(LoginTestCRM.java:37)
	at java.base/jdk.internal.reflect.NativeMethodAccessorImpl.invoke0(Native Method)
	at java.base/jdk.internal.reflect.NativeMethodAccessorImpl.invoke(NativeMethodAccessorImpl.java:77)
	at java.base/jdk.internal.reflect.DelegatingMethodAccessorImpl.invoke(DelegatingMethodAccessorImpl.java:43)
	at java.base/java.lang.reflect.Method.invoke(Method.java:568)
	at org.testng.internal.MethodInvocationHelper.invokeMethod(MethodInvocationHelper.java:108)
	at org.testng.internal.Invoker.invokeMethod(Invoker.java:661)
	at org.testng.internal.Invoker.invokeTestMethod(Invoker.java:869)
	at org.testng.internal.Invoker.invokeTestMethods(Invoker.java:1193)
	at org.testng.internal.TestMethodWorker.invokeTestMethods(TestMethodWorker.java:126)
	at org.testng.internal.TestMethodWorker.run(TestMethodWorker.java:109)
	at org.testng.TestRunner.privateRun(TestRunner.java:744)
	at org.testng.TestRunner.run(TestRunner.java:602)
	at org.testng.SuiteRunner.runTest(SuiteRunner.java:380)
	at org.testng.SuiteRunner.runSequentially(SuiteRunner.java:375)
	at org.testng.SuiteRunner.privateRun(SuiteRunner.java:340)
	at org.testng.SuiteRunner.run(SuiteRunner.java:289)
	at org.testng.SuiteRunnerWorker.runSuite(SuiteRunnerWorker.java:52)
	at org.testng.SuiteRunnerWorker.run(SuiteRunnerWorker.java:86)
	at org.testng.TestNG.runSuitesSequentially(TestNG.java:1301)
	at org.testng.TestNG.runSuitesLocally(TestNG.java:1226)
	at org.testng.TestNG.runSuites(TestNG.java:1144)
	at org.testng.TestNG.run(TestNG.java:1115)
	at org.testng.remote.AbstractRemoteTestNG.run(AbstractRemoteTestNG.java:115)
	at org.testng.remote.RemoteTestNG.initAndRun(RemoteTestNG.java:251)
	at org.testng.remote.RemoteTestNG.main(RemoteTestNG.java:77)
]]>
            </full-stacktrace>
          </exception> <!-- java.lang.AssertionError -->
          <reporter-output>
          </reporter-output>
        </test-method> <!-- loginApp1 -->
        <test-method is-config="true" signature="tearDownMethod(org.testng.ITestResult)[pri:0, instance:com.learnautomationtestcases.LoginTestCRM@14f9390f]" started-at="2023-05-21T12:19:27Z" name="tearDownMethod" finished-at="2023-05-21T12:19:35Z" duration-ms="8400" status="PASS">
          <params>
            <param index="0">
              <value>
                <![CDATA[[TestResult name=loginApp1 status=FAILURE method=LoginTestCRM.loginApp1()[pri:0, instance:com.learnautomationtestcases.LoginTestCRM@14f9390f] output={null}]]]>
              </value>
            </param>
          </params>
          <reporter-output>
            <line>
              <![CDATA[AfterMethod - Test is about to end]]>
            </line>
            <line>
              <![CDATA[AfterMethod - Test Completed >> Reports Generated]]>
            </line>
          </reporter-output>
        </test-method> <!-- tearDownMethod -->
        <test-method is-config="true" signature="tearDown()[pri:0, instance:com.learnautomationtestcases.LoginTestCRM@14f9390f]" started-at="2023-05-21T12:19:35Z" name="tearDown" finished-at="2023-05-21T12:19:35Z" duration-ms="214" status="PASS">
          <reporter-output>
          </reporter-output>
        </test-method> <!-- tearDown -->
      </class> <!-- com.learnautomationtestcases.LoginTestCRM -->
    </test> <!-- Test -->
  </suite> <!-- Suite -->
</testng-results>
